<?xml version="1.0" encoding="UTF-8"?>
<!-- Generated by org.testng.reporters.JUnitReportReporter -->
<testsuite hostname="Dimple-laptop" failures="0" tests="2" name="testCases.TC_001_RegistrationTest" time="1.821" errors="0" timestamp="2024-03-19T14:52:25 GMT-04:00" skipped="0">
  <testcase classname="testCases.TC_001_RegistrationTest" name="verify_registration" time="1.075"/>
  <testcase classname="testCases.TC_001_RegistrationTest" name="verify_registration" time="0.746"/>
</testsuite> <!-- testCases.TC_001_RegistrationTest -->
