<?xml version="1.0" encoding="UTF-8"?>
<!-- Generated by org.testng.reporters.JUnitReportReporter -->
<testsuite hostname="Dimple-laptop" failures="0" tests="3" name="testCases.TC_003_LoginDDT" time="11.746" errors="0" timestamp="2024-03-21T13:28:20 GMT-04:00" skipped="0">
  <testcase classname="testCases.TC_003_LoginDDT" name="verify_loginDDT" time="10.347">
    <system-out>
      <![CDATA[Create sigin Onject
USER Clicked on Login button
Create OBJ of verification page
Ending TC_003_LoginDDT]]>
    </system-out>
  </testcase> <!-- verify_loginDDT -->
  <testcase classname="testCases.TC_003_LoginDDT" name="verify_loginDDT" time="0.769">
    <system-out>
      <![CDATA[Create sigin Onject
USER Clicked on Login button
Create OBJ of verification page
Ending TC_003_LoginDDT]]>
    </system-out>
  </testcase> <!-- verify_loginDDT -->
  <testcase classname="testCases.TC_003_LoginDDT" name="verify_loginDDT" time="0.630">
    <system-out>
      <![CDATA[Create sigin Onject
USER Clicked on Login button
Create OBJ of verification page
Ending TC_003_LoginDDT]]>
    </system-out>
  </testcase> <!-- verify_loginDDT -->
  <system-out>
    <![CDATA[Create sigin Onject
USER Clicked on Login button
Create OBJ of verification page
Ending TC_003_LoginDDT
Create sigin Onject
USER Clicked on Login button
Create OBJ of verification page
Ending TC_003_LoginDDT
Create sigin Onject
USER Clicked on Login button
Create OBJ of verification page
Ending TC_003_LoginDDT]]>
  </system-out>
</testsuite> <!-- testCases.TC_003_LoginDDT -->
